

Version:	3.50
CmdLine:	C:\Users\14648\Desktop\操作系统课设\2-20260315-OS课设材料模版V1.0\RunProcess.exe --l4j-debug
JNI:		No
WOW64:		Yes
Working dir:	C:\Users\14648\Desktop\操作系统课设\2-20260315-OS课设材料模版V1.0\.
Requires JDK:	No
Requires 64-Bit: No
Java min ver:	
Java max ver:	
JRE paths:	.jre
Check launcher:	C:\Users\14648\Desktop\操作系统课设\2-20260315-OS课设材料模版V1.0\.jre\bin\javaw.exe (not found)
Error msg:	This application requires a Java Runtime Environment.


Version:	3.50
CmdLine:	C:\Users\14648\Desktop\操作系统课设\2-20260315-OS课设材料模版V1.0\RunProcess.exe --l4j-debug
JNI:		No
WOW64:		Yes
Working dir:	C:\Users\14648\Desktop\操作系统课设\2-20260315-OS课设材料模版V1.0\.
Requires JDK:	No
Requires 64-Bit: No
Java min ver:	
Java max ver:	
JRE paths:	.\jre
Check launcher:	C:\Users\14648\Desktop\操作系统课设\2-20260315-OS课设材料模版V1.0\.\jre\bin\javaw.exe (OK)
Version string: 1.017.000_012 / 64-Bit (OK)
Launcher:	C:\Users\14648\Desktop\操作系统课设\2-20260315-OS课设材料模版V1.0\.\jre\bin\javaw.exe
Launcher args:	-jar "C:\Users\14648\Desktop\操作系统课设\2-20260315-OS课设材料模版V1.0\RunProcess.exe"
Args length:	87/32768 chars
Exit code:	0


Version:	3.50
CmdLine:	C:\Users\14648\Desktop\操作系统课设\2-20260315-OS课设材料模版V1.0\RunProcess.exe --l4j-debug
JNI:		No
WOW64:		Yes
Working dir:	C:\Users\14648\Desktop\操作系统课设\2-20260315-OS课设材料模版V1.0\.
Requires JDK:	No
Requires 64-Bit: No
Java min ver:	
Java max ver:	
JRE paths:	.\jre
Check launcher:	C:\Users\14648\Desktop\操作系统课设\2-20260315-OS课设材料模版V1.0\.\jre\bin\javaw.exe (OK)
Version string: 1.017.000_012 / 64-Bit (OK)
Launcher:	C:\Users\14648\Desktop\操作系统课设\2-20260315-OS课设材料模版V1.0\.\jre\bin\javaw.exe
Launcher args:	-jar "C:\Users\14648\Desktop\操作系统课设\2-20260315-OS课设材料模版V1.0\RunProcess.exe"
Args length:	87/32768 chars
Exit code:	0


Version:	3.50
CmdLine:	C:\Users\14648\Desktop\操作系统课设\2-20260315-OS课设材料模版V1.0\RunProcess.exe --l4j-debug
JNI:		No
WOW64:		Yes
Working dir:	C:\Users\14648\Desktop\操作系统课设\2-20260315-OS课设材料模版V1.0\.
Requires JDK:	No
Requires 64-Bit: No
Java min ver:	
Java max ver:	
JRE paths:	.\jre
Check launcher:	C:\Users\14648\Desktop\操作系统课设\2-20260315-OS课设材料模版V1.0\.\jre\bin\javaw.exe (OK)
Version string: 1.017.000_012 / 64-Bit (OK)
Launcher:	C:\Users\14648\Desktop\操作系统课设\2-20260315-OS课设材料模版V1.0\.\jre\bin\javaw.exe
Launcher args:	-jar "C:\Users\14648\Desktop\操作系统课设\2-20260315-OS课设材料模版V1.0\RunProcess.exe"
Args length:	87/32768 chars
Exit code:	0


Version:	3.50
CmdLine:	C:\Users\14648\Desktop\操作系统课设\2-20260315-OS课设材料模版V1.0\RunProcess.exe --l4j-debug
JNI:		No
WOW64:		Yes
Working dir:	C:\Users\14648\Desktop\操作系统课设\2-20260315-OS课设材料模版V1.0\.
Requires JDK:	No
Requires 64-Bit: No
Java min ver:	
Java max ver:	
JRE paths:	.\jre
Check launcher:	C:\Users\14648\Desktop\操作系统课设\2-20260315-OS课设材料模版V1.0\.\jre\bin\javaw.exe (OK)
Version string: 1.017.000_012 / 64-Bit (OK)
Launcher:	C:\Users\14648\Desktop\操作系统课设\2-20260315-OS课设材料模版V1.0\.\jre\bin\javaw.exe
Launcher args:	-jar "C:\Users\14648\Desktop\操作系统课设\2-20260315-OS课设材料模版V1.0\RunProcess.exe"
Args length:	87/32768 chars
Exit code:	0


Version:	3.50
CmdLine:	C:\Users\14648\Desktop\操作系统课设\2-20260315-OS课设材料模版V1.0\RunProcess.exe --l4j-debug
JNI:		No
WOW64:		Yes
Working dir:	C:\Users\14648\Desktop\操作系统课设\2-20260315-OS课设材料模版V1.0\.
Requires JDK:	No
Requires 64-Bit: No
Java min ver:	
Java max ver:	
JRE paths:	.\jre
Check launcher:	C:\Users\14648\Desktop\操作系统课设\2-20260315-OS课设材料模版V1.0\.\jre\bin\javaw.exe (OK)
Version string: 1.017.000_012 / 64-Bit (OK)
Launcher:	C:\Users\14648\Desktop\操作系统课设\2-20260315-OS课设材料模版V1.0\.\jre\bin\javaw.exe
Launcher args:	-jar "C:\Users\14648\Desktop\操作系统课设\2-20260315-OS课设材料模版V1.0\RunProcess.exe"
Args length:	87/32768 chars
Exit code:	0
